livewallpaper/build/outputs/logs/manifest-merger-release-report.txt
-- Merging decision tree log ---
manifest
ADDED from src\main\AndroidManifest.xml:2:1-37:12
	package
		ADDED from src\main\AndroidManifest.xml:3:5-88
		INJECTED from src\main\AndroidManifest.xml
		INJECTED from src\main\AndroidManifest.xml
	android:versionName
		ADDED from src\main\AndroidManifest.xml:5:5-31
		INJECTED from src\main\AndroidManifest.xml
		INJECTED from src\main\AndroidManifest.xml
	android:versionCode
		ADDED from src\main\AndroidManifest.xml:4:5-30
		INJECTED from src\main\AndroidManifest.xml
		INJECTED from src\main\AndroidManifest.xml
	xmlns:android
		ADDED from src\main\AndroidManifest.xml:2:11-69
uses-feature#0x00020000
ADDED from src\main\AndroidManifest.xml:8:5-54
	android:glEsVersion
		ADDED from src\main\AndroidManifest.xml:8:19-51
uses-sdk
ADDED from src\main\AndroidManifest.xml:10:5-12:41
MERGED from [org.rajawali3d:rajawali:1.1.777] AndroidManifest.xml:8:5-10:41
	android:targetSdkVersion
		ADDED from src\main\AndroidManifest.xml:12:9-38
		INJECTED from src\main\AndroidManifest.xml
		INJECTED from src\main\AndroidManifest.xml
	android:minSdkVersion
		ADDED from src\main\AndroidManifest.xml:11:9-35
		INJECTED from src\main\AndroidManifest.xml
		INJECTED from src\main\AndroidManifest.xml
uses-feature#android.software.live_wallpaper
ADDED from src\main\AndroidManifest.xml:14:5-68
	android:name
		ADDED from src\main\AndroidManifest.xml:14:19-65
application
ADDED from src\main\AndroidManifest.xml:16:5-36:19
	android:label
		ADDED from src\main\AndroidManifest.xml:18:9-40
	android:allowBackup
		ADDED from src\main\AndroidManifest.xml:17:9-35
	android:icon
		ADDED from src\main\AndroidManifest.xml:19:9-38
	android:largeHeap
		ADDED from src\main\AndroidManifest.xml:20:9-33
service#com.customlivewallpapercreator.live_wallpaper.star_wars_hyperspace_lwp_hd.CustomWallpaper
ADDED from src\main\AndroidManifest.xml:23:9-32:19
	android:label
		ADDED from src\main\AndroidManifest.xml:24:13-44
	android:permission
		ADDED from src\main\AndroidManifest.xml:26:13-67
	android:name
		ADDED from src\main\AndroidManifest.xml:25:12-43
intent-filter#android.service.wallpaper.WallpaperService
ADDED from src\main\AndroidManifest.xml:27:13-29:29
action#android.service.wallpaper.WallpaperService
ADDED from src\main\AndroidManifest.xml:28:17-85
	android:name
		ADDED from src\main\AndroidManifest.xml:28:25-82
meta-data#android.service.wallpaper
ADDED from src\main\AndroidManifest.xml:31:13-101
	android:resource
		ADDED from src\main\AndroidManifest.xml:31:65-98
	android:name
		ADDED from src\main\AndroidManifest.xml:31:24-64